#
# There is insufficient memory for the Java Runtime Environment to continue.
# Native memory allocation (malloc) failed to allocate 823696 bytes for Chunk::new
# Possible reasons:
#   The system is out of physical RAM or swap space
#   In 32 bit mode, the process size limit was hit
# Possible solutions:
#   Reduce memory load on the system
#   Increase physical memory or swap space
#   Check if swap backing store is full
#   Use 64 bit Java on a 64 bit OS
#   Decrease Java heap size (-Xmx/-Xms)
#   Decrease number of Java threads
#   Decrease Java thread stack sizes (-Xss)
#   Set larger code cache with -XX:ReservedCodeCacheSize=
# This output file may be truncated or incomplete.
#
#  Out of Memory Error (allocation.cpp:390), pid=3976, tid=2132
#
# JRE version: Java(TM) SE Runtime Environment (8.0_73-b02) (build 1.8.0_73-b02)
# Java VM: Java HotSpot(TM) 64-Bit Server VM (25.73-b02 mixed mode windows-amd64 compressed oops)
# Failed to write core dump. Minidumps are not enabled by default on client versions of Windows
#

---------------  T H R E A D  ---------------

Current thread (0x000000001330e800):  JavaThread "C2 CompilerThread0" daemon [_thread_in_native, id=2132, stack(0x0000000014320000,0x0000000014420000)]

Stack: [0x0000000014320000,0x0000000014420000]
[error occurred during error reporting (printing stack bounds), id 0xc0000005]

Native frames: (J=compiled Java code, j=interpreted, Vv=VM code, C=native code)


Current CompileTask:
C2:   2562  339       4       java.net.URLStreamHandler::parseURL (1158 bytes)


---------------  P R O C E S S  ---------------

Java Threads: ( => current thread )
  0x000000001476c000 JavaThread "Abandoned connection cleanup thread" daemon [_thread_blocked, id=3436, stack(0x0000000014b20000,0x0000000014c20000)]
  0x000000001336e800 JavaThread "Service Thread" daemon [_thread_blocked, id=6536, stack(0x0000000014520000,0x0000000014620000)]
  0x0000000013350800 JavaThread "C1 CompilerThread1" daemon [_thread_blocked, id=1388, stack(0x0000000014420000,0x0000000014520000)]
=>0x000000001330e800 JavaThread "C2 CompilerThread0" daemon [_thread_in_native, id=2132, stack(0x0000000014320000,0x0000000014420000)]
  0x000000001330d000 JavaThread "Attach Listener" daemon [_thread_blocked, id=5296, stack(0x0000000014220000,0x0000000014320000)]
  0x000000001330a000 JavaThread "Signal Dispatcher" daemon [_thread_blocked, id=6716, stack(0x0000000014120000,0x0000000014220000)]
  0x00000000022b1800 JavaThread "Finalizer" daemon [_thread_blocked, id=1072, stack(0x0000000013f40000,0x0000000014040000)]
  0x00000000022af000 JavaThread "Reference Handler" daemon [_thread_blocked, id=4192, stack(0x0000000013e40000,0x0000000013f40000)]
  0x00000000021c2800 JavaThread "main" [_thread_in_Java, id=2644, stack(0x0000000001ff0000,0x00000000020f0000)]

Other Threads:
  0x00000000132d7800 VMThread [stack: 0x0000000013d40000,0x0000000013e40000] [id=4328]
  0x0000000013375000 WatcherThread [stack: 0x0000000014620000,0x0000000014720000] [id=5320]

VM state:not at safepoint (normal execution)

VM Mutex/Monitor currently owned by a thread: None

Heap:
 PSYoungGen      total 18432K, used 12290K [0x00000000f5e00000, 0x00000000f7100000, 0x0000000100000000)
  eden space 17408K, 64% used [0x00000000f5e00000,0x00000000f6900a68,0x00000000f6f00000)
  from space 1024K, 100% used [0x00000000f7000000,0x00000000f7100000,0x00000000f7100000)
  to   space 1024K, 0% used [0x00000000f6f00000,0x00000000f6f00000,0x00000000f7000000)
 ParOldGen       total 22016K, used 2390K [0x00000000e1a00000, 0x00000000e2f80000, 0x00000000f5e00000)
  object space 22016K, 10% used [0x00000000e1a00000,0x00000000e1c55968,0x00000000e2f80000)
 Metaspace       used 3328K, capacity 4600K, committed 4864K, reserved 1056768K
  class space    used 354K, capacity 424K, committed 512K, reserved 1048576K

Card table byte_map: [0x0000000011680000,0x0000000011780000] byte_map_base: 0x0000000010f73000

Marking Bits: (ParMarkBitMap*) 0x0000000077180600
 Begin Bits: [0x0000000011980000, 0x0000000012118000)
 End Bits:   [0x0000000012118000, 0x00000000128b0000)

Polling page: 0x00000000004c0000

CodeCache: size=245760Kb used=2202Kb max_used=2202Kb free=243557Kb
 bounds [0x00000000022c0000, 0x0000000002530000, 0x00000000112c0000]
 total_blobs=590 nmethods=356 adapters=148
 compilation: enabled

Compilation events (10 events):
Event: 2.533 Thread 0x0000000013350800  351       3       sun.misc.PerfCounter::increment (6 bytes)
Event: 2.533 Thread 0x0000000013350800 nmethod 351 0x00000000024e4510 code [0x00000000024e46c0, 0x00000000024e4dd8]
Event: 2.538 Thread 0x0000000013350800  353   !   3       java.util.zip.Inflater::setInput (74 bytes)
Event: 2.539 Thread 0x0000000013350800 nmethod 353 0x00000000024e54d0 code [0x00000000024e5660, 0x00000000024e5b98]
Event: 2.542 Thread 0x0000000013350800  354       3       java.util.BitSet::get (69 bytes)
Event: 2.543 Thread 0x0000000013350800 nmethod 354 0x00000000024e5d90 code [0x00000000024e5f80, 0x00000000024e6908]
Event: 2.548 Thread 0x0000000013350800  355       3       java.util.zip.ZipFile::getZipEntry (236 bytes)
Event: 2.549 Thread 0x0000000013350800 nmethod 355 0x00000000024e6d90 code [0x00000000024e6fe0, 0x00000000024e7b68]
Event: 2.554 Thread 0x0000000013350800  357       3       java.util.concurrent.ConcurrentHashMap::setTabAt (19 bytes)
Event: 2.554 Thread 0x0000000013350800 nmethod 357 0x00000000024e7f90 code [0x00000000024e80e0, 0x00000000024e8250]

GC Heap History (8 events):
Event: 0.669 GC heap before
{Heap before GC invocations=1 (full 0):
 PSYoungGen      total 9728K, used 8687K [0x00000000f5e00000, 0x00000000f6880000, 0x0000000100000000)
  eden space 8704K, 99% used [0x00000000f5e00000,0x00000000f667be60,0x00000000f6680000)
  from space 1024K, 0% used [0x00000000f6780000,0x00000000f6780000,0x00000000f6880000)
  to   space 1024K, 0% used [0x00000000f6680000,0x00000000f6680000,0x00000000f6780000)
 ParOldGen       total 22016K, used 0K [0x00000000e1a00000, 0x00000000e2f80000, 0x00000000f5e00000)
  object space 22016K, 0% used [0x00000000e1a00000,0x00000000e1a00000,0x00000000e2f80000)
 Metaspace       used 3024K, capacity 4566K, committed 4864K, reserved 1056768K
  class space    used 336K, capacity 390K, committed 512K, reserved 1048576K
Event: 0.672 GC heap after
Heap after GC invocations=1 (full 0):
 PSYoungGen      total 9728K, used 799K [0x00000000f5e00000, 0x00000000f6880000, 0x0000000100000000)
  eden space 8704K, 0% used [0x00000000f5e00000,0x00000000f5e00000,0x00000000f6680000)
  from space 1024K, 78% used [0x00000000f6680000,0x00000000f6747cf0,0x00000000f6780000)
  to   space 1024K, 0% used [0x00000000f6780000,0x00000000f6780000,0x00000000f6880000)
 ParOldGen       total 22016K, used 0K [0x00000000e1a00000, 0x00000000e2f80000, 0x00000000f5e00000)
  object space 22016K, 0% used [0x00000000e1a00000,0x00000000e1a00000,0x00000000e2f80000)
 Metaspace       used 3024K, capacity 4566K, committed 4864K, reserved 1056768K
  class space    used 336K, capacity 390K, committed 512K, reserved 1048576K
}
Event: 1.192 GC heap before
{Heap before GC invocations=2 (full 0):
 PSYoungGen      total 9728K, used 9503K [0x00000000f5e00000, 0x00000000f6880000, 0x0000000100000000)
  eden space 8704K, 100% used [0x00000000f5e00000,0x00000000f6680000,0x00000000f6680000)
  from space 1024K, 78% used [0x00000000f6680000,0x00000000f6747cf0,0x00000000f6780000)
  to   space 1024K, 0% used [0x00000000f6780000,0x00000000f6780000,0x00000000f6880000)
 ParOldGen       total 22016K, used 0K [0x00000000e1a00000, 0x00000000e2f80000, 0x00000000f5e00000)
  object space 22016K, 0% used [0x00000000e1a00000,0x00000000e1a00000,0x00000000e2f80000)
 Metaspace       used 3170K, capacity 4566K, committed 4864K, reserved 1056768K
  class space    used 339K, capacity 390K, committed 512K, reserved 1048576K
Event: 1.267 GC heap after
Heap after GC invocations=2 (full 0):
 PSYoungGen      total 9728K, used 1014K [0x00000000f5e00000, 0x00000000f7100000, 0x0000000100000000)
  eden space 8704K, 0% used [0x00000000f5e00000,0x00000000f5e00000,0x00000000f6680000)
  from space 1024K, 99% used [0x00000000f6780000,0x00000000f687d9e0,0x00000000f6880000)
  to   space 1024K, 0% used [0x00000000f6680000,0x00000000f6680000,0x00000000f6780000)
 ParOldGen       total 22016K, used 478K [0x00000000e1a00000, 0x00000000e2f80000, 0x00000000f5e00000)
  object space 22016K, 2% used [0x00000000e1a00000,0x00000000e1a779c0,0x00000000e2f80000)
 Metaspace       used 3170K, capacity 4566K, committed 4864K, reserved 1056768K
  class space    used 339K, capacity 390K, committed 512K, reserved 1048576K
}
Event: 1.668 GC heap before
{Heap before GC invocations=3 (full 0):
 PSYoungGen      total 9728K, used 9718K [0x00000000f5e00000, 0x00000000f7100000, 0x0000000100000000)
  eden space 8704K, 100% used [0x00000000f5e00000,0x00000000f6680000,0x00000000f6680000)
  from space 1024K, 99% used [0x00000000f6780000,0x00000000f687d9e0,0x00000000f6880000)
  to   space 1024K, 0% used [0x00000000f6680000,0x00000000f6680000,0x00000000f6780000)
 ParOldGen       total 22016K, used 478K [0x00000000e1a00000, 0x00000000e2f80000, 0x00000000f5e00000)
  object space 22016K, 2% used [0x00000000e1a00000,0x00000000e1a779c0,0x00000000e2f80000)
 Metaspace       used 3208K, capacity 4566K, committed 4864K, reserved 1056768K
  class space    used 339K, capacity 390K, committed 512K, reserved 1048576K
Event: 1.671 GC heap after
Heap after GC invocations=3 (full 0):
 PSYoungGen      total 9728K, used 994K [0x00000000f5e00000, 0x00000000f7100000, 0x0000000100000000)
  eden space 8704K, 0% used [0x00000000f5e00000,0x00000000f5e00000,0x00000000f6680000)
  from space 1024K, 97% used [0x00000000f6680000,0x00000000f6778ba0,0x00000000f6780000)
  to   space 1024K, 0% used [0x00000000f7000000,0x00000000f7000000,0x00000000f7100000)
 ParOldGen       total 22016K, used 1554K [0x00000000e1a00000, 0x00000000e2f80000, 0x00000000f5e00000)
  object space 22016K, 7% used [0x00000000e1a00000,0x00000000e1b84ad0,0x00000000e2f80000)
 Metaspace       used 3208K, capacity 4566K, committed 4864K, reserved 1056768K
  class space    used 339K, capacity 390K, committed 512K, reserved 1048576K
}
Event: 2.239 GC heap before
{Heap before GC invocations=4 (full 0):
 PSYoungGen      total 9728K, used 9698K [0x00000000f5e00000, 0x00000000f7100000, 0x0000000100000000)
  eden space 8704K, 100% used [0x00000000f5e00000,0x00000000f6680000,0x00000000f6680000)
  from space 1024K, 97% used [0x00000000f6680000,0x00000000f6778ba0,0x00000000f6780000)
  to   space 1024K, 0% used [0x00000000f7000000,0x00000000f7000000,0x00000000f7100000)
 ParOldGen       total 22016K, used 1554K [0x00000000e1a00000, 0x00000000e2f80000, 0x00000000f5e00000)
  object space 22016K, 7% used [0x00000000e1a00000,0x00000000e1b84ad0,0x00000000e2f80000)
 Metaspace       used 3229K, capacity 4566K, committed 4864K, reserved 1056768K
  class space    used 339K, capacity 390K, committed 512K, reserved 1048576K
Event: 2.244 GC heap after
Heap after GC invocations=4 (full 0):
 PSYoungGen      total 18432K, used 1024K [0x00000000f5e00000, 0x00000000f7100000, 0x0000000100000000)
  eden space 17408K, 0% used [0x00000000f5e00000,0x00000000f5e00000,0x00000000f6f00000)
  from space 1024K, 100% used [0x00000000f7000000,0x00000000f7100000,0x00000000f7100000)
  to   space 1024K, 0% used [0x00000000f6f00000,0x00000000f6f00000,0x00000000f7000000)
 ParOldGen       total 22016K, used 2390K [0x00000000e1a00000, 0x00000000e2f80000, 0x00000000f5e00000)
  object space 22016K, 10% used [0x00000000e1a00000,0x00000000e1c55968,0x00000000e2f80000)
 Metaspace       used 3229K, capacity 4566K, committed 4864K, reserved 1056768K
  class space    used 339K, capacity 390K, committed 512K, reserved 1048576K
}

Deoptimization events (3 events):
Event: 2.503 Thread 0x00000000021c2800 Uncommon trap: reason=unstable_if action=reinterpret pc=0x0000000002495548 method=java.net.URL.<init>(Ljava/net/URL;Ljava/lang/String;Ljava/net/URLStreamHandler;)V @ 273
Event: 2.504 Thread 0x00000000021c2800 Uncommon trap: reason=unstable_if action=reinterpret pc=0x00000000024c5a6c method=sun.net.www.ParseUtil.decode(Ljava/lang/String;)Ljava/lang/String; @ 15
Event: 2.507 Thread 0x00000000021c2800 Uncommon trap: reason=unstable_if action=reinterpret pc=0x000000000246d88c method=java.lang.String.replace(CC)Ljava/lang/String; @ 59

Internal exceptions (10 events):
Event: 2.498 Thread 0x00000000021c2800 Exception <a 'java/security/PrivilegedActionException'> (0x00000000f67f2fb8) thrown at [D:\re\puppet\workspace\8-2-build-windows-amd64-cygwin\jdk8u73\6086\hotspot\src\share\vm\prims\jvm.cpp, line 1386]
Event: 2.498 Thread 0x00000000021c2800 Exception <a 'java/security/PrivilegedActionException'> (0x00000000f67f33b0) thrown at [D:\re\puppet\workspace\8-2-build-windows-amd64-cygwin\jdk8u73\6086\hotspot\src\share\vm\prims\jvm.cpp, line 1386]
Event: 2.498 Thread 0x00000000021c2800 Exception <a 'java/security/PrivilegedActionException'> (0x00000000f67f5300) thrown at [D:\re\puppet\workspace\8-2-build-windows-amd64-cygwin\jdk8u73\6086\hotspot\src\share\vm\prims\jvm.cpp, line 1386]
Event: 2.498 Thread 0x00000000021c2800 Exception <a 'java/security/PrivilegedActionException'> (0x00000000f67f56f8) thrown at [D:\re\puppet\workspace\8-2-build-windows-amd64-cygwin\jdk8u73\6086\hotspot\src\share\vm\prims\jvm.cpp, line 1386]
Event: 2.499 Thread 0x00000000021c2800 Exception <a 'java/security/PrivilegedActionException'> (0x00000000f67f6f60) thrown at [D:\re\puppet\workspace\8-2-build-windows-amd64-cygwin\jdk8u73\6086\hotspot\src\share\vm\prims\jvm.cpp, line 1386]
Event: 2.500 Thread 0x00000000021c2800 Exception <a 'java/security/PrivilegedActionException'> (0x00000000f67f7358) thrown at [D:\re\puppet\workspace\8-2-build-windows-amd64-cygwin\jdk8u73\6086\hotspot\src\share\vm\prims\jvm.cpp, line 1386]
Event: 2.500 Thread 0x00000000021c2800 Exception <a 'java/security/PrivilegedActionException'> (0x00000000f67f8f78) thrown at [D:\re\puppet\workspace\8-2-build-windows-amd64-cygwin\jdk8u73\6086\hotspot\src\share\vm\prims\jvm.cpp, line 1386]
Event: 2.500 Thread 0x00000000021c2800 Exception <a 'java/security/PrivilegedActionException'> (0x00000000f67f9370) thrown at [D:\re\puppet\workspace\8-2-build-windows-amd64-cygwin\jdk8u73\6086\hotspot\src\share\vm\prims\jvm.cpp, line 1386]
Event: 2.500 Thread 0x00000000021c2800 Exception <a 'java/security/PrivilegedActionException'> (0x00000000f67fac80) thrown at [D:\re\puppet\workspace\8-2-build-windows-amd64-cygwin\jdk8u73\6086\hotspot\src\share\vm\prims\jvm.cpp, line 1386]
Event: 2.500 Thread 0x00000000021c2800 Exception <a 'java/security/PrivilegedActionException'> (0x00000000f67fb078) thrown at [D:\re\puppet\workspace\8-2-build-windows-amd64-cygwin\jdk8u73\6086\hotspot\src\share\vm\prims\jvm.cpp, line 1386]

Events (10 events):
Event: 2.553 loading class java/sql/SQLTransactionRollbackException
Event: 2.553 loading class java/sql/SQLTransientException
Event: 2.553 loading class java/sql/SQLTransientException done
Event: 2.553 loading class java/sql/SQLTransactionRollbackException done
Event: 2.554 loading class java/sql/SQLSyntaxErrorException
Event: 2.554 loading class java/sql/SQLSyntaxErrorException done
Event: 2.555 loading class java/sql/SQLTimeoutException
Event: 2.555 loading class java/sql/SQLTimeoutException done
Event: 2.555 loading class org/apache/derby/impl/jdbc/Util
Event: 2.555 loading class org/apache/derby/impl/jdbc/Util done


Dynamic libraries:
0x00007ff66d280000 - 0x00007ff66d2b7000 	C:\Program Files\Java\jdk1.8.0_73\bin\java.exe
0x00007fff31df0000 - 0x00007fff31fb1000 	C:\Windows\SYSTEM32\ntdll.dll
0x00007fff315e0000 - 0x00007fff3168d000 	C:\Windows\system32\KERNEL32.DLL
0x00007fff2e640000 - 0x00007fff2e828000 	C:\Windows\system32\KERNELBASE.dll
0x00007fff2f3a0000 - 0x00007fff2f447000 	C:\Windows\system32\ADVAPI32.dll
0x00007fff2f1f0000 - 0x00007fff2f28d000 	C:\Windows\system32\msvcrt.dll
0x00007fff30cf0000 - 0x00007fff30d4b000 	C:\Windows\system32\sechost.dll
0x00007fff31690000 - 0x00007fff317ac000 	C:\Windows\system32\RPCRT4.dll
0x00007fff30ed0000 - 0x00007fff31026000 	C:\Windows\system32\USER32.dll
0x00007fff2f600000 - 0x00007fff2f786000 	C:\Windows\system32\GDI32.dll
0x00007fff26750000 - 0x00007fff269c4000 	C:\Windows\WinSxS\amd64_microsoft.windows.common-controls_6595b64144ccf1df_6.0.10586.0_none_8c15ae12515e1c22\COMCTL32.dll
0x00007fff31360000 - 0x00007fff315dd000 	C:\Windows\system32\combase.dll
0x00007fff2ea00000 - 0x00007fff2ea6a000 	C:\Windows\system32\bcryptPrimitives.dll
0x00007fff2f4c0000 - 0x00007fff2f4fb000 	C:\Windows\system32\IMM32.DLL
0x0000000076890000 - 0x0000000076962000 	C:\Program Files\Java\jdk1.8.0_73\jre\bin\msvcr100.dll
0x0000000076970000 - 0x0000000077200000 	C:\Program Files\Java\jdk1.8.0_73\jre\bin\server\jvm.dll
0x00007fff2f590000 - 0x00007fff2f598000 	C:\Windows\system32\PSAPI.DLL
0x00007fff1c1e0000 - 0x00007fff1c1e9000 	C:\Windows\SYSTEM32\WSOCK32.dll
0x00007fff2f500000 - 0x00007fff2f56b000 	C:\Windows\system32\WS2_32.dll
0x00007fff2cc00000 - 0x00007fff2cc23000 	C:\Windows\SYSTEM32\WINMM.dll
0x00007fff25730000 - 0x00007fff2573a000 	C:\Windows\SYSTEM32\VERSION.dll
0x00007fff2cba0000 - 0x00007fff2cbcc000 	C:\Windows\SYSTEM32\WINMMBASE.dll
0x00007fff2e5f0000 - 0x00007fff2e633000 	C:\Windows\system32\cfgmgr32.dll
0x0000000076840000 - 0x000000007684f000 	C:\Program Files\Java\jdk1.8.0_73\jre\bin\verify.dll
0x0000000076810000 - 0x0000000076839000 	C:\Program Files\Java\jdk1.8.0_73\jre\bin\java.dll
0x00000000767f0000 - 0x0000000076806000 	C:\Program Files\Java\jdk1.8.0_73\jre\bin\zip.dll
0x00007fff2f790000 - 0x00007fff30cec000 	C:\Windows\system32\SHELL32.dll
0x00007fff2ea90000 - 0x00007fff2f0d4000 	C:\Windows\system32\windows.storage.dll
0x00007fff31180000 - 0x00007fff311d2000 	C:\Windows\system32\shlwapi.dll
0x00007fff2e480000 - 0x00007fff2e48f000 	C:\Windows\system32\kernel.appcore.dll
0x00007fff2e530000 - 0x00007fff2e5e5000 	C:\Windows\system32\shcore.dll
0x00007fff2e410000 - 0x00007fff2e45b000 	C:\Windows\system32\powrprof.dll
0x00007fff2e460000 - 0x00007fff2e474000 	C:\Windows\system32\profapi.dll

VM Arguments:
jvm_args: -Dfile.encoding=UTF-8 -Xbootclasspath/p:C:\Program Files\NetBeans 8.2\enterprise\modules\ext\javaee7-endorsed\javax.annotation-api.jar;C:\Program Files\NetBeans 8.2\enterprise\modules\ext\javaee7-endorsed\javax.xml.soap-api.jar;C:\Program Files\NetBeans 8.2\enterprise\modules\ext\javaee7-endorsed\jaxb-api-osgi.jar;C:\Program Files\NetBeans 8.2\enterprise\modules\ext\javaee7-endorsed\jaxws-api.jar;C:\Program Files\NetBeans 8.2\enterprise\modules\ext\javaee7-endorsed\jsr181-api.jar 
java_command: dao.UserDataAccess
java_class_path (initial): C:\Users\LICH\Documents\NetBeansProjects\software_engr\CS5800\build\web\WEB-INF\classes;C:\Users\LICH\Downloads\mysql-connector-java-5.1.40\mysql-connector-java-5.1.40\mysql-connector-java-5.1.40-bin.jar;C:\Program Files\glassfish-4.1.1\glassfish\modules\endorsed\javax.annotation-api.jar;C:\Program Files\glassfish-4.1.1\glassfish\modules\endorsed\jaxb-api.jar;C:\Program Files\glassfish-4.1.1\glassfish\modules\endorsed\webservices-api-osgi.jar;C:\Program Files\glassfish-4.1.1\glassfish\modules\bean-validator.jar;C:\Program Files\glassfish-4.1.1\glassfish\modules\cdi-api.jar;C:\Program Files\glassfish-4.1.1\glassfish\modules\javax.batch-api.jar;C:\Program Files\glassfish-4.1.1\glassfish\modules\javax.ejb-api.jar;C:\Program Files\glassfish-4.1.1\glassfish\modules\javax.el.jar;C:\Program Files\glassfish-4.1.1\glassfish\modules\javax.enterprise.concurrent-api.jar;C:\Program Files\glassfish-4.1.1\glassfish\modules\javax.enterprise.concurrent.jar;C:\Program Files\glassfish-4.1.1\glassfish\modules\javax.enterprise.deploy-api.jar;C:\Program Files\glassfish-4.1.1\glassfish\modules\javax.faces.jar;C:\Program Files\glassfish-4.1.1\glassfish\modules\javax.inject.jar;C:\Program Files\glassfish-4.1.1\glassfish\modules\javax.interceptor-api.jar;C:\Program Files\glassfish-4.1.1\glassfish\modules\javax.jms-api.jar;C:\Program Files\glassfish-4.1.1\glassfish\modules\javax.json.jar;C:\Program Files\glassfish-4.1.1\glassfish\modules\javax.mail.jar;C:\Program Files\glassfish-4.1.1\glassfish\modules\javax.management.j2ee-api.jar;C:\Program Files\glassfish-4.1.1\glassfish\modules\javax.persistence.jar;C:\Program Files\glassfish-4.1.1\glassfish\modules\javax.resource-api.jar;C:\Program Files\glassfish-4.1.1\glassfish\modules\javax.security.auth.message-api.jar;C:\Program Files\glassfish-4.1.1\glassfish\modules\javax.security.jacc-api.jar;C:\Program Files\glassfish-4.1.1\glassfish\modules\javax.servlet-api.jar;C:\Program Files\glassfish-4.1.1\glassfish\modules\jav
Launcher Type: SUN_STANDARD

Environment Variables:
JAVA_HOME=C:\Program Files\Java\jdk1.8.0_73
PATH=C:\Users\LICH\AppData\Local\GitHub\PortableGit_cf76fc1621ac41ad4fe86c420ab5ff403f1808b9\cmd;C:\Users\LICH\Desktop\cs2820 hw\apache-maven-3.3.9\bin
USERNAME=LICH
OS=Windows_NT
PROCESSOR_IDENTIFIER=Intel64 Family 6 Model 55 Stepping 8, GenuineIntel



---------------  S Y S T E M  ---------------

OS: Windows 10.0 , 64 bit Build 10586 (10.0.10586.0)

CPU:total 2 (2 cores per cpu, 1 threads per core) family 6 model 55 stepping 8, cmov, cx8, fxsr, mmx, sse, sse2, sse3, ssse3, sse4.1, sse4.2, popcnt, clmul, erms, 3dnowpref, tsc, tscinvbit

Memory: 4k page, physical 1985572k(190360k free), swap 3522980k(4324k free)

vm_info: Java HotSpot(TM) 64-Bit Server VM (25.73-b02) for windows-amd64 JRE (1.8.0_73-b02), built on Jan 29 2016 17:38:49 by "java_re" with MS VC++ 10.0 (VS2010)

time: Sat Mar 04 19:51:58 2017
elapsed time: 2 seconds (0d 0h 0m 2s)

